This is pdfTeX, Version 3.14159265-2.6-1.40.21 (TeX Live 2020) (preloaded format=pdflatex 2021.1.28)  1 AUG 2022 04:16
entering extended mode
 restricted \write18 enabled.
 %&-line parsing enabled.
**"technical paper.tex"
(./technical paper.tex
LaTeX2e <2020-10-01> patch level 4
L3 programming layer <2021-01-09> xparse <2020-03-03>
(/Users/sofiaescoto/Library/TinyTeX/texmf-dist/tex/latex/base/article.cls
Document Class: article 2020/04/10 v1.4m Standard LaTeX document class
(/Users/sofiaescoto/Library/TinyTeX/texmf-dist/tex/latex/base/size10.clo
File: size10.clo 2020/04/10 v1.4m Standard LaTeX file (size option)
)
\c@part=\count177
\c@section=\count178
\c@subsection=\count179
\c@subsubsection=\count180
\c@paragraph=\count181
\c@subparagraph=\count182
\c@figure=\count183
\c@table=\count184
\abovecaptionskip=\skip47
\belowcaptionskip=\skip48
\bibindent=\dimen138
)
(/Users/sofiaescoto/Library/TinyTeX/texmf-dist/tex/latex/geometry/geometry.sty
Package: geometry 2020/01/02 v5.9 Page Geometry

(/Users/sofiaescoto/Library/TinyTeX/texmf-dist/tex/latex/graphics/keyval.sty
Package: keyval 2014/10/28 v1.15 key=value parser (DPC)
\KV@toks@=\toks15
)
(/Users/sofiaescoto/Library/TinyTeX/texmf-dist/tex/generic/iftex/ifvtex.sty
Package: ifvtex 2019/10/25 v1.7 ifvtex legacy package. Use iftex instead.

(/Users/sofiaescoto/Library/TinyTeX/texmf-dist/tex/generic/iftex/iftex.sty
Package: iftex 2020/03/06 v1.0d TeX engine tests
))
\Gm@cnth=\count185
\Gm@cntv=\count186
\c@Gm@tempcnt=\count187
\Gm@bindingoffset=\dimen139
\Gm@wd@mp=\dimen140
\Gm@odd@mp=\dimen141
\Gm@even@mp=\dimen142
\Gm@layoutwidth=\dimen143
\Gm@layoutheight=\dimen144
\Gm@layouthoffset=\dimen145
\Gm@layoutvoffset=\dimen146
\Gm@dimlist=\toks16
)
(/Users/sofiaescoto/Library/TinyTeX/texmf-dist/tex/latex/url/url.sty
\Urlmuskip=\muskip16
Package: url 2013/09/16  ver 3.4  Verb mode for urls, etc.
)
(/Users/sofiaescoto/Library/TinyTeX/texmf-dist/tex/latex/natbib/natbib.sty
Package: natbib 2010/09/13 8.31b (PWD, AO)
\bibhang=\skip49
\bibsep=\skip50
LaTeX Info: Redefining \cite on input line 694.
\c@NAT@ctr=\count188
)
(/Users/sofiaescoto/Library/TinyTeX/texmf-dist/tex/latex/l3backend/l3backend-pd
ftex.def
File: l3backend-pdftex.def 2021-01-09 L3 backend support: PDF output (pdfTeX)
\l__kernel_color_stack_int=\count189
\l__pdf_internal_box=\box47
) (./technical paper.aux)
\openout1 = `"technical paper.aux"'.

LaTeX Font Info:    Checking defaults for OML/cmm/m/it on input line 20.
LaTeX Font Info:    ... okay on input line 20.
LaTeX Font Info:    Checking defaults for OMS/cmsy/m/n on input line 20.
LaTeX Font Info:    ... okay on input line 20.
LaTeX Font Info:    Checking defaults for OT1/cmr/m/n on input line 20.
LaTeX Font Info:    ... okay on input line 20.
LaTeX Font Info:    Checking defaults for T1/cmr/m/n on input line 20.
LaTeX Font Info:    ... okay on input line 20.
LaTeX Font Info:    Checking defaults for TS1/cmr/m/n on input line 20.
LaTeX Font Info:    ... okay on input line 20.
LaTeX Font Info:    Checking defaults for OMX/cmex/m/n on input line 20.
LaTeX Font Info:    ... okay on input line 20.
LaTeX Font Info:    Checking defaults for U/cmr/m/n on input line 20.
LaTeX Font Info:    ... okay on input line 20.

*geometry* driver: auto-detecting
*geometry* detected driver: pdftex
*geometry* verbose mode - [ preamble ] result:
* driver: pdftex
* paper: <default>
* layout: <same size as paper>
* layoutoffset:(h,v)=(0.0pt,0.0pt)
* modes: 
* h-part:(L,W,R)=(42.67912pt, 528.93675pt, 42.67912pt)
* v-part:(T,H,B)=(42.67912pt, 709.61174pt, 42.67912pt)
* \paperwidth=614.295pt
* \paperheight=794.96999pt
* \textwidth=528.93675pt
* \textheight=709.61174pt
* \oddsidemargin=-29.59087pt
* \evensidemargin=-29.59087pt
* \topmargin=-66.59087pt
* \headheight=12.0pt
* \headsep=25.0pt
* \topskip=10.0pt
* \footskip=30.0pt
* \marginparwidth=65.0pt
* \marginparsep=11.0pt
* \columnsep=10.0pt
* \skip\footins=9.0pt plus 4.0pt minus 2.0pt
* \hoffset=0.0pt
* \voffset=0.0pt
* \mag=1000
* \@twocolumnfalse
* \@twosidefalse
* \@mparswitchfalse
* \@reversemarginfalse
* (1in=72.27pt=25.4mm, 1cm=28.453pt)

LaTeX Font Info:    External font `cmex10' loaded for size
(Font)              <12> on input line 21.
LaTeX Font Info:    External font `cmex10' loaded for size
(Font)              <8> on input line 21.
LaTeX Font Info:    External font `cmex10' loaded for size
(Font)              <6> on input line 21.
[1

{/Users/sofiaescoto/Library/TinyTeX/texmf-var/fonts/map/pdftex/updmap/pdftex.ma
p}]
LaTeX Font Info:    External font `cmex10' loaded for size
(Font)              <7> on input line 81.
LaTeX Font Info:    External font `cmex10' loaded for size
(Font)              <5> on input line 81.
 (./technical paper.bbl
Underfull \hbox (badness 10000) in paragraph at lines 36--40
[]\OT1/cmr/m/n/10 One hun-dred True or False ques-tions.  $\OT1/cmtt/m/n/10 htt
ps : / / www . flexiquiz . com / Help / inspiration /
 []


Underfull \hbox (badness 10000) in paragraph at lines 48--52
[]\OT1/cmr/m/n/10 True or false ques-tions for kids.  $\OT1/cmtt/m/n/10 https :
 / / www . playosmo . com / kids-[]learning /
 []


Underfull \hbox (badness 10000) in paragraph at lines 61--65
[]\OT1/cmr/m/n/10 General knowl-edge: 45 true or false trivia ques-tions & an-s
wers.  $\OT1/cmtt/m/n/10 https : / / bigquizthing . com /
 []


Underfull \hbox (badness 3291) in paragraph at lines 61--65
\OT1/cmtt/m/n/10 trivia-[]questions-[]ans / general-[]knowledge-[]45-[]true-[]o
r-[]false-[]questions-[]and-[]answers/$\OT1/cmr/m/n/10 .  Ac-cessed 2022-
 []

[2]
Underfull \hbox (badness 10000) in paragraph at lines 67--72
[]\OT1/cmr/m/n/10 100 awe-some true or false ques-tions for kids.  $\OT1/cmtt/m
/n/10 https : / / parenting . firstcry . com / articles /
 []

) [3] (./technical paper.aux) ) 
Here is how much of TeX's memory you used:
 1437 strings out of 481252
 21459 string characters out of 5914732
 309421 words of memory out of 5000000
 18419 multiletter control sequences out of 15000+600000
 407584 words of font info for 41 fonts, out of 8000000 for 9000
 14 hyphenation exceptions out of 8191
 68i,8n,74p,1400b,337s stack positions out of 5000i,500n,10000p,200000b,80000s
</Users/sofiaescoto/Library/TinyTeX/texmf-dist/f
onts/type1/public/amsfonts/cm/cmbx12.pfb></Users/sofiaescoto/Library/TinyTeX/te
xmf-dist/fonts/type1/public/amsfonts/cm/cmr10.pfb></Users/sofiaescoto/Library/T
inyTeX/texmf-dist/fonts/type1/public/amsfonts/cm/cmr12.pfb></Users/sofiaescoto/
Library/TinyTeX/texmf-dist/fonts/type1/public/amsfonts/cm/cmr17.pfb></Users/sof
iaescoto/Library/TinyTeX/texmf-dist/fonts/type1/public/amsfonts/cm/cmr6.pfb></U
sers/sofiaescoto/Library/TinyTeX/texmf-dist/fonts/type1/public/amsfonts/cm/cmr7
.pfb></Users/sofiaescoto/Library/TinyTeX/texmf-dist/fonts/type1/public/amsfonts
/cm/cmr8.pfb></Users/sofiaescoto/Library/TinyTeX/texmf-dist/fonts/type1/public/
amsfonts/cm/cmti10.pfb></Users/sofiaescoto/Library/TinyTeX/texmf-dist/fonts/typ
e1/public/amsfonts/cm/cmtt10.pfb>
Output written on "technical paper.pdf" (3 pages, 127395 bytes).
PDF statistics:
 50 PDF objects out of 1000 (max. 8388607)
 35 compressed objects within 1 object stream
 0 named destinations out of 1000 (max. 500000)
 1 words of extra memory for PDF output out of 10000 (max. 10000000)

